<?xml version="1.0" encoding="UTF-8"?>
<testsuite name="other.FizzBuzzTest" tests="4" skipped="0" failures="0" errors="0" timestamp="2021-11-07T04:05:42" hostname="freeIt" time="0.004">
  <properties/>
  <testcase name="test_buzz" classname="other.FizzBuzzTest" time="0.004"/>
  <testcase name="test_fizz" classname="other.FizzBuzzTest" time="0.0"/>
  <testcase name="test_fizz_buzz" classname="other.FizzBuzzTest" time="0.0"/>
  <testcase name="test_no_fizz_buzz" classname="other.FizzBuzzTest" time="0.0"/>
  <system-out><![CDATA[]]></system-out>
  <system-err><![CDATA[]]></system-err>
</testsuite>
