<?xml version="1.0" encoding="UTF-8"?>
<testsuite name="other.KnuthMorrisPrattTest" tests="1" skipped="0" failures="0" errors="0" timestamp="2021-11-02T03:55:28" hostname="freeIt" time="0.005">
  <properties/>
  <testcase name="test" classname="other.KnuthMorrisPrattTest" time="0.005"/>
  <system-out><![CDATA[]]></system-out>
  <system-err><![CDATA[]]></system-err>
</testsuite>
