<?xml version="1.0" encoding="UTF-8"?>
<testsuite name="design_patterns.MonostateTest" tests="1" skipped="0" failures="0" errors="0" timestamp="2021-11-01T07:25:26" hostname="freeIt" time="0.009">
  <properties/>
  <testcase name="test" classname="design_patterns.MonostateTest" time="0.009"/>
  <system-out><![CDATA[]]></system-out>
  <system-err><![CDATA[]]></system-err>
</testsuite>
