<?xml version="1.0" encoding="UTF-8"?>
<testsuite name="structures.BinaryTreeTest" tests="1" skipped="0" failures="0" errors="0" timestamp="2021-11-01T07:14:20" hostname="freeIt" time="0.017">
  <properties/>
  <testcase name="test" classname="structures.BinaryTreeTest" time="0.017"/>
  <system-out><![CDATA[]]></system-out>
  <system-err><![CDATA[]]></system-err>
</testsuite>
