<?xml version="1.0" encoding="UTF-8"?>
<testsuite name="design_patterns.DependencyInjectionTest" tests="1" skipped="0" failures="0" errors="0" timestamp="2021-11-03T03:27:26" hostname="freeIt" time="0.021">
  <properties/>
  <testcase name="test" classname="design_patterns.DependencyInjectionTest" time="0.021"/>
  <system-out><![CDATA[]]></system-out>
  <system-err><![CDATA[]]></system-err>
</testsuite>
