<?xml version="1.0" encoding="UTF-8"?>
<testsuite name="design_patterns.ObserverTest" tests="1" skipped="0" failures="0" errors="0" timestamp="2021-11-03T03:37:32" hostname="freeIt" time="0.013">
  <properties/>
  <testcase name="test" classname="design_patterns.ObserverTest" time="0.013"/>
  <system-out><![CDATA[]]></system-out>
  <system-err><![CDATA[]]></system-err>
</testsuite>
