<?xml version="1.0" encoding="UTF-8"?>
<testsuite name="other.SwapTest" tests="2" skipped="0" failures="0" errors="0" timestamp="2021-11-11T08:50:15" hostname="freeIt" time="0.023">
  <properties/>
  <testcase name="test_list" classname="other.SwapTest" time="0.016"/>
  <testcase name="test_array" classname="other.SwapTest" time="0.007"/>
  <system-out><![CDATA[]]></system-out>
  <system-err><![CDATA[]]></system-err>
</testsuite>
