<?xml version="1.0" encoding="UTF-8"?>
<testsuite name="structures.LinkedListQueueTest" tests="6" skipped="0" failures="0" errors="0" timestamp="2021-11-05T10:55:56" hostname="freeIt" time="0.009">
  <properties/>
  <testcase name="test_peek" classname="structures.LinkedListQueueTest" time="0.004"/>
  <testcase name="test_poll" classname="structures.LinkedListQueueTest" time="0.0"/>
  <testcase name="test_is_empty" classname="structures.LinkedListQueueTest" time="0.0"/>
  <testcase name="test_remove" classname="structures.LinkedListQueueTest" time="0.003"/>
  <testcase name="test_remove_object" classname="structures.LinkedListQueueTest" time="0.0"/>
  <testcase name="test_element" classname="structures.LinkedListQueueTest" time="0.001"/>
  <system-out><![CDATA[]]></system-out>
  <system-err><![CDATA[]]></system-err>
</testsuite>
