<?xml version="1.0" encoding="UTF-8"?>
<testsuite name="structures.GraphTest" tests="1" skipped="0" failures="0" errors="0" timestamp="2021-11-21T11:11:46" hostname="freeIt" time="0.021">
  <properties/>
  <testcase name="test_breadth_first_traversal" classname="structures.GraphTest" time="0.021"/>
  <system-out><![CDATA[]]></system-out>
  <system-err><![CDATA[]]></system-err>
</testsuite>
