<?xml version="1.0" encoding="UTF-8"?>
<testsuite name="other.PalindromeTest" tests="2" skipped="0" failures="0" errors="0" timestamp="2021-10-26T12:24:50" hostname="freeIt" time="0.014">
  <properties/>
  <testcase name="test_is_palindrome" classname="other.PalindromeTest" time="0.013"/>
  <testcase name="test_is_not_palindrome" classname="other.PalindromeTest" time="0.001"/>
  <system-out><![CDATA[]]></system-out>
  <system-err><![CDATA[]]></system-err>
</testsuite>
