<?xml version="1.0" encoding="UTF-8"?>
<testsuite name="ru.structures.DynamicArrayTest" tests="5" skipped="0" failures="0" errors="0" timestamp="2022-01-26T08:43:47" hostname="freeIt" time="0.001">
  <properties/>
  <testcase name="test_contains" classname="ru.structures.DynamicArrayTest" time="0.001"/>
  <testcase name="test_add" classname="ru.structures.DynamicArrayTest" time="0.0"/>
  <testcase name="test_set" classname="ru.structures.DynamicArrayTest" time="0.0"/>
  <testcase name="test_remove" classname="ru.structures.DynamicArrayTest" time="0.0"/>
  <testcase name="test_increasing" classname="ru.structures.DynamicArrayTest" time="0.0"/>
  <system-out><![CDATA[]]></system-out>
  <system-err><![CDATA[]]></system-err>
</testsuite>
