<?xml version="1.0" encoding="UTF-8"?>
<testsuite name="design_patterns.RubleExchangeRateTest" tests="1" skipped="0" failures="0" errors="0" timestamp="2021-10-31T12:38:59" hostname="freeIt" time="0.008">
  <properties/>
  <testcase name="test" classname="design_patterns.RubleExchangeRateTest" time="0.008"/>
  <system-out><![CDATA[]]></system-out>
  <system-err><![CDATA[]]></system-err>
</testsuite>
