<?xml version="1.0" encoding="UTF-8"?>
<testsuite name="ru.structures.ArrayListQueueTest" tests="6" skipped="0" failures="0" errors="0" timestamp="2022-01-26T08:43:47" hostname="freeIt" time="0.004">
  <properties/>
  <testcase name="test_peek" classname="ru.structures.ArrayListQueueTest" time="0.001"/>
  <testcase name="test_poll" classname="ru.structures.ArrayListQueueTest" time="0.0"/>
  <testcase name="test_is_empty" classname="ru.structures.ArrayListQueueTest" time="0.0"/>
  <testcase name="test_remove" classname="ru.structures.ArrayListQueueTest" time="0.002"/>
  <testcase name="test_remove_object" classname="ru.structures.ArrayListQueueTest" time="0.0"/>
  <testcase name="test_element" classname="ru.structures.ArrayListQueueTest" time="0.001"/>
  <system-out><![CDATA[]]></system-out>
  <system-err><![CDATA[]]></system-err>
</testsuite>
