<?xml version="1.0" encoding="UTF-8"?>
<testsuite name="ru.other.PalindromeTest" tests="2" skipped="0" failures="0" errors="0" timestamp="2022-01-26T08:43:47" hostname="freeIt" time="0.003">
  <properties/>
  <testcase name="test_is_palindrome" classname="ru.other.PalindromeTest" time="0.002"/>
  <testcase name="test_is_not_palindrome" classname="ru.other.PalindromeTest" time="0.0"/>
  <system-out><![CDATA[]]></system-out>
  <system-err><![CDATA[]]></system-err>
</testsuite>
