<?xml version="1.0" encoding="UTF-8"?>
<testsuite name="structures.DynamicArrayTest" tests="1" skipped="0" failures="0" errors="0" timestamp="2021-11-05T11:16:42" hostname="freeIt" time="0.024">
  <properties/>
  <testcase name="test_increasing" classname="structures.DynamicArrayTest" time="0.024"/>
  <system-out><![CDATA[]]></system-out>
  <system-err><![CDATA[]]></system-err>
</testsuite>
