<?xml version="1.0" encoding="UTF-8"?>
<testsuite name="ru.search.BinarySearchRecursiveTest" tests="4" skipped="0" failures="0" errors="0" timestamp="2022-01-26T08:43:47" hostname="freeIt" time="0.003">
  <properties/>
  <testcase name="test_last_element" classname="ru.search.BinarySearchRecursiveTest" time="0.0"/>
  <testcase name="test_none_existed_element" classname="ru.search.BinarySearchRecursiveTest" time="0.0"/>
  <testcase name="test_start_element" classname="ru.search.BinarySearchRecursiveTest" time="0.0"/>
  <testcase name="test_existed_element" classname="ru.search.BinarySearchRecursiveTest" time="0.0"/>
  <system-out><![CDATA[]]></system-out>
  <system-err><![CDATA[]]></system-err>
</testsuite>
