<?xml version="1.0" encoding="UTF-8"?>
<testsuite name="structures.LinkedListTest" tests="1" skipped="0" failures="0" errors="0" timestamp="2021-11-10T12:02:24" hostname="freeIt" time="0.012">
  <properties/>
  <testcase name="test_contains" classname="structures.LinkedListTest" time="0.012"/>
  <system-out><![CDATA[[100, 10, 300]]]></system-out>
  <system-err><![CDATA[]]></system-err>
</testsuite>
