<?xml version="1.0" encoding="UTF-8"?>
<testsuite name="other.SqrtTest" tests="1" skipped="0" failures="0" errors="0" timestamp="2021-10-28T03:47:42" hostname="freeIt" time="0.003">
  <properties/>
  <testcase name="test" classname="other.SqrtTest" time="0.003"/>
  <system-out><![CDATA[]]></system-out>
  <system-err><![CDATA[]]></system-err>
</testsuite>
