<?xml version="1.0" encoding="UTF-8"?>
<testsuite name="ru.other.FactorialTest" tests="2" skipped="0" failures="0" errors="0" timestamp="2022-01-26T08:43:47" hostname="freeIt" time="0.0">
  <properties/>
  <testcase name="test_iterative" classname="ru.other.FactorialTest" time="0.0"/>
  <testcase name="test_recursive" classname="ru.other.FactorialTest" time="0.0"/>
  <system-out><![CDATA[]]></system-out>
  <system-err><![CDATA[]]></system-err>
</testsuite>
