<?xml version="1.0" encoding="UTF-8"?>
<testsuite name="other.FactorialTest" tests="2" skipped="0" failures="0" errors="0" timestamp="2021-10-28T03:53:49" hostname="freeIt" time="0.003">
  <properties/>
  <testcase name="test_iterative" classname="other.FactorialTest" time="0.003"/>
  <testcase name="test_recursive" classname="other.FactorialTest" time="0.0"/>
  <system-out><![CDATA[]]></system-out>
  <system-err><![CDATA[]]></system-err>
</testsuite>
