<?xml version="1.0" encoding="UTF-8"?>
<testsuite name="other.SwapTest" tests="4" skipped="0" failures="0" errors="0" timestamp="2021-11-12T01:50:17" hostname="freeIt" time="0.029">
  <properties/>
  <testcase name="test_list" classname="other.SwapTest" time="0.018"/>
  <testcase name="test_list_kotlin" classname="other.SwapTest" time="0.001"/>
  <testcase name="test_array_kotlin" classname="other.SwapTest" time="0.01"/>
  <testcase name="test_array" classname="other.SwapTest" time="0.0"/>
  <system-out><![CDATA[]]></system-out>
  <system-err><![CDATA[]]></system-err>
</testsuite>
