<?xml version="1.0" encoding="UTF-8"?>
<testsuite name="design_patterns.LocalDataTest" tests="1" skipped="0" failures="0" errors="0" timestamp="2021-10-31T03:45:21" hostname="freeIt" time="0.024">
  <properties/>
  <testcase name="test" classname="design_patterns.LocalDataTest" time="0.024"/>
  <system-out><![CDATA[]]></system-out>
  <system-err><![CDATA[]]></system-err>
</testsuite>
