<?xml version="1.0" encoding="UTF-8"?>
<testsuite name="structures.LinkedListStackTest" tests="4" skipped="0" failures="0" errors="0" timestamp="2021-10-30T03:35:06" hostname="freeIt" time="0.006">
  <properties/>
  <testcase name="test_push" classname="structures.LinkedListStackTest" time="0.003"/>
  <testcase name="test_pop" classname="structures.LinkedListStackTest" time="0.0"/>
  <testcase name="test_is_empty" classname="structures.LinkedListStackTest" time="0.001"/>
  <testcase name="test_is_not_empty" classname="structures.LinkedListStackTest" time="0.001"/>
  <system-out><![CDATA[]]></system-out>
  <system-err><![CDATA[]]></system-err>
</testsuite>
