<?xml version="1.0" encoding="UTF-8"?>
<testsuite name="ru.sorting.SelectionSortTest" tests="4" skipped="0" failures="0" errors="0" timestamp="2022-01-26T08:43:47" hostname="freeIt" time="0.039">
  <properties/>
  <testcase name="test_random_array" classname="ru.sorting.SelectionSortTest" time="0.038"/>
  <testcase name="test_shuffled_array" classname="ru.sorting.SelectionSortTest" time="0.001"/>
  <testcase name="test_sorted_array" classname="ru.sorting.SelectionSortTest" time="0.0"/>
  <testcase name="test_reversed_array" classname="ru.sorting.SelectionSortTest" time="0.0"/>
  <system-out><![CDATA[]]></system-out>
  <system-err><![CDATA[]]></system-err>
</testsuite>
