<?xml version="1.0" encoding="UTF-8"?>
<testsuite name="ru.structures.LinkedListStackTest" tests="4" skipped="0" failures="0" errors="0" timestamp="2022-01-26T08:43:47" hostname="freeIt" time="0.001">
  <properties/>
  <testcase name="test_push" classname="ru.structures.LinkedListStackTest" time="0.0"/>
  <testcase name="test_pop" classname="ru.structures.LinkedListStackTest" time="0.0"/>
  <testcase name="test_is_empty" classname="ru.structures.LinkedListStackTest" time="0.0"/>
  <testcase name="test_is_not_empty" classname="ru.structures.LinkedListStackTest" time="0.0"/>
  <system-out><![CDATA[]]></system-out>
  <system-err><![CDATA[]]></system-err>
</testsuite>
