<?xml version="1.0" encoding="UTF-8"?>
<testsuite name="search.LinearSearchTest" tests="3" skipped="0" failures="0" errors="0" timestamp="2021-11-12T02:23:49" hostname="freeIt" time="0.006">
  <properties/>
  <testcase name="test_last_element" classname="search.LinearSearchTest" time="0.005"/>
  <testcase name="test_start_element" classname="search.LinearSearchTest" time="0.0"/>
  <testcase name="test_existed_element" classname="search.LinearSearchTest" time="0.0"/>
  <system-out><![CDATA[]]></system-out>
  <system-err><![CDATA[]]></system-err>
</testsuite>
