<?xml version="1.0" encoding="UTF-8"?>
<testsuite name="structures.QueueTest" tests="6" skipped="0" failures="0" errors="0" timestamp="2021-11-04T04:03:08" hostname="freeIt" time="0.011">
  <properties/>
  <testcase name="test_peek" classname="structures.QueueTest" time="0.006"/>
  <testcase name="test_poll" classname="structures.QueueTest" time="0.0"/>
  <testcase name="test_is_empty" classname="structures.QueueTest" time="0.001"/>
  <testcase name="test_remove" classname="structures.QueueTest" time="0.003"/>
  <testcase name="test_remove_object" classname="structures.QueueTest" time="0.001"/>
  <testcase name="test_element" classname="structures.QueueTest" time="0.0"/>
  <system-out><![CDATA[]]></system-out>
  <system-err><![CDATA[]]></system-err>
</testsuite>
