<?xml version="1.0" encoding="UTF-8"?>
<testsuite name="ru.other.SwapTest" tests="4" skipped="0" failures="0" errors="0" timestamp="2022-01-26T08:43:47" hostname="freeIt" time="0.002">
  <properties/>
  <testcase name="test_list" classname="ru.other.SwapTest" time="0.001"/>
  <testcase name="test_list_kotlin" classname="ru.other.SwapTest" time="0.0"/>
  <testcase name="test_array_kotlin" classname="ru.other.SwapTest" time="0.0"/>
  <testcase name="test_array" classname="ru.other.SwapTest" time="0.001"/>
  <system-out><![CDATA[]]></system-out>
  <system-err><![CDATA[]]></system-err>
</testsuite>
